                                      1 ;--------------------------------------------------------
                                      2 ; File Created by SDCC : free open source ISO C Compiler 
                                      3 ; Version 4.4.0 #14620 (MINGW32)
                                      4 ;--------------------------------------------------------
                                      5 	.module global
                                      6 	.optsdcc -mmcs51 --model-small
                                      7 	
                                      8 ;--------------------------------------------------------
                                      9 ; Public variables in this module
                                     10 ;--------------------------------------------------------
                                     11 	.globl _CY
                                     12 	.globl _AC
                                     13 	.globl _F0
                                     14 	.globl _RS1
                                     15 	.globl _RS0
                                     16 	.globl _OV
                                     17 	.globl _F1
                                     18 	.globl _P
                                     19 	.globl _PS
                                     20 	.globl _PT1
                                     21 	.globl _PX1
                                     22 	.globl _PT0
                                     23 	.globl _PX0
                                     24 	.globl _RD
                                     25 	.globl _WR
                                     26 	.globl _T1
                                     27 	.globl _T0
                                     28 	.globl _INT1
                                     29 	.globl _INT0
                                     30 	.globl _TXD
                                     31 	.globl _RXD
                                     32 	.globl _P3_7
                                     33 	.globl _P3_6
                                     34 	.globl _P3_5
                                     35 	.globl _P3_4
                                     36 	.globl _P3_3
                                     37 	.globl _P3_2
                                     38 	.globl _P3_1
                                     39 	.globl _P3_0
                                     40 	.globl _EA
                                     41 	.globl _ES
                                     42 	.globl _ET1
                                     43 	.globl _EX1
                                     44 	.globl _ET0
                                     45 	.globl _EX0
                                     46 	.globl _P2_7
                                     47 	.globl _P2_6
                                     48 	.globl _P2_5
                                     49 	.globl _P2_4
                                     50 	.globl _P2_3
                                     51 	.globl _P2_2
                                     52 	.globl _P2_1
                                     53 	.globl _P2_0
                                     54 	.globl _SM0
                                     55 	.globl _SM1
                                     56 	.globl _SM2
                                     57 	.globl _REN
                                     58 	.globl _TB8
                                     59 	.globl _RB8
                                     60 	.globl _TI
                                     61 	.globl _RI
                                     62 	.globl _P1_7
                                     63 	.globl _P1_6
                                     64 	.globl _P1_5
                                     65 	.globl _P1_4
                                     66 	.globl _P1_3
                                     67 	.globl _P1_2
                                     68 	.globl _P1_1
                                     69 	.globl _P1_0
                                     70 	.globl _TF1
                                     71 	.globl _TR1
                                     72 	.globl _TF0
                                     73 	.globl _TR0
                                     74 	.globl _IE1
                                     75 	.globl _IT1
                                     76 	.globl _IE0
                                     77 	.globl _IT0
                                     78 	.globl _P0_7
                                     79 	.globl _P0_6
                                     80 	.globl _P0_5
                                     81 	.globl _P0_4
                                     82 	.globl _P0_3
                                     83 	.globl _P0_2
                                     84 	.globl _P0_1
                                     85 	.globl _P0_0
                                     86 	.globl _B
                                     87 	.globl _ACC
                                     88 	.globl _PSW
                                     89 	.globl _IP
                                     90 	.globl _P3
                                     91 	.globl _IE
                                     92 	.globl _P2
                                     93 	.globl _SBUF
                                     94 	.globl _SCON
                                     95 	.globl _P1
                                     96 	.globl _TH1
                                     97 	.globl _TH0
                                     98 	.globl _TL1
                                     99 	.globl _TL0
                                    100 	.globl _TMOD
                                    101 	.globl _TCON
                                    102 	.globl _PCON
                                    103 	.globl _DPH
                                    104 	.globl _DPL
                                    105 	.globl _SP
                                    106 	.globl _P0
                                    107 	.globl _BLINK_MODE
                                    108 	.globl _SCREEN_FLAG
                                    109 	.globl _reset_timer
                                    110 	.globl _delay
                                    111 ;--------------------------------------------------------
                                    112 ; special function registers
                                    113 ;--------------------------------------------------------
                                    114 	.area RSEG    (ABS,DATA)
      000000                        115 	.org 0x0000
                           000080   116 _P0	=	0x0080
                           000081   117 _SP	=	0x0081
                           000082   118 _DPL	=	0x0082
                           000083   119 _DPH	=	0x0083
                           000087   120 _PCON	=	0x0087
                           000088   121 _TCON	=	0x0088
                           000089   122 _TMOD	=	0x0089
                           00008A   123 _TL0	=	0x008a
                           00008B   124 _TL1	=	0x008b
                           00008C   125 _TH0	=	0x008c
                           00008D   126 _TH1	=	0x008d
                           000090   127 _P1	=	0x0090
                           000098   128 _SCON	=	0x0098
                           000099   129 _SBUF	=	0x0099
                           0000A0   130 _P2	=	0x00a0
                           0000A8   131 _IE	=	0x00a8
                           0000B0   132 _P3	=	0x00b0
                           0000B8   133 _IP	=	0x00b8
                           0000D0   134 _PSW	=	0x00d0
                           0000E0   135 _ACC	=	0x00e0
                           0000F0   136 _B	=	0x00f0
                                    137 ;--------------------------------------------------------
                                    138 ; special function bits
                                    139 ;--------------------------------------------------------
                                    140 	.area RSEG    (ABS,DATA)
      000000                        141 	.org 0x0000
                           000080   142 _P0_0	=	0x0080
                           000081   143 _P0_1	=	0x0081
                           000082   144 _P0_2	=	0x0082
                           000083   145 _P0_3	=	0x0083
                           000084   146 _P0_4	=	0x0084
                           000085   147 _P0_5	=	0x0085
                           000086   148 _P0_6	=	0x0086
                           000087   149 _P0_7	=	0x0087
                           000088   150 _IT0	=	0x0088
                           000089   151 _IE0	=	0x0089
                           00008A   152 _IT1	=	0x008a
                           00008B   153 _IE1	=	0x008b
                           00008C   154 _TR0	=	0x008c
                           00008D   155 _TF0	=	0x008d
                           00008E   156 _TR1	=	0x008e
                           00008F   157 _TF1	=	0x008f
                           000090   158 _P1_0	=	0x0090
                           000091   159 _P1_1	=	0x0091
                           000092   160 _P1_2	=	0x0092
                           000093   161 _P1_3	=	0x0093
                           000094   162 _P1_4	=	0x0094
                           000095   163 _P1_5	=	0x0095
                           000096   164 _P1_6	=	0x0096
                           000097   165 _P1_7	=	0x0097
                           000098   166 _RI	=	0x0098
                           000099   167 _TI	=	0x0099
                           00009A   168 _RB8	=	0x009a
                           00009B   169 _TB8	=	0x009b
                           00009C   170 _REN	=	0x009c
                           00009D   171 _SM2	=	0x009d
                           00009E   172 _SM1	=	0x009e
                           00009F   173 _SM0	=	0x009f
                           0000A0   174 _P2_0	=	0x00a0
                           0000A1   175 _P2_1	=	0x00a1
                           0000A2   176 _P2_2	=	0x00a2
                           0000A3   177 _P2_3	=	0x00a3
                           0000A4   178 _P2_4	=	0x00a4
                           0000A5   179 _P2_5	=	0x00a5
                           0000A6   180 _P2_6	=	0x00a6
                           0000A7   181 _P2_7	=	0x00a7
                           0000A8   182 _EX0	=	0x00a8
                           0000A9   183 _ET0	=	0x00a9
                           0000AA   184 _EX1	=	0x00aa
                           0000AB   185 _ET1	=	0x00ab
                           0000AC   186 _ES	=	0x00ac
                           0000AF   187 _EA	=	0x00af
                           0000B0   188 _P3_0	=	0x00b0
                           0000B1   189 _P3_1	=	0x00b1
                           0000B2   190 _P3_2	=	0x00b2
                           0000B3   191 _P3_3	=	0x00b3
                           0000B4   192 _P3_4	=	0x00b4
                           0000B5   193 _P3_5	=	0x00b5
                           0000B6   194 _P3_6	=	0x00b6
                           0000B7   195 _P3_7	=	0x00b7
                           0000B0   196 _RXD	=	0x00b0
                           0000B1   197 _TXD	=	0x00b1
                           0000B2   198 _INT0	=	0x00b2
                           0000B3   199 _INT1	=	0x00b3
                           0000B4   200 _T0	=	0x00b4
                           0000B5   201 _T1	=	0x00b5
                           0000B6   202 _WR	=	0x00b6
                           0000B7   203 _RD	=	0x00b7
                           0000B8   204 _PX0	=	0x00b8
                           0000B9   205 _PT0	=	0x00b9
                           0000BA   206 _PX1	=	0x00ba
                           0000BB   207 _PT1	=	0x00bb
                           0000BC   208 _PS	=	0x00bc
                           0000D0   209 _P	=	0x00d0
                           0000D1   210 _F1	=	0x00d1
                           0000D2   211 _OV	=	0x00d2
                           0000D3   212 _RS0	=	0x00d3
                           0000D4   213 _RS1	=	0x00d4
                           0000D5   214 _F0	=	0x00d5
                           0000D6   215 _AC	=	0x00d6
                           0000D7   216 _CY	=	0x00d7
                                    217 ;--------------------------------------------------------
                                    218 ; overlayable register banks
                                    219 ;--------------------------------------------------------
                                    220 	.area REG_BANK_0	(REL,OVR,DATA)
      000000                        221 	.ds 8
                                    222 ;--------------------------------------------------------
                                    223 ; internal ram data
                                    224 ;--------------------------------------------------------
                                    225 	.area DSEG    (DATA)
      000000                        226 _SCREEN_FLAG::
      000000                        227 	.ds 2
      000002                        228 _BLINK_MODE::
      000002                        229 	.ds 2
                                    230 ;--------------------------------------------------------
                                    231 ; overlayable items in internal ram
                                    232 ;--------------------------------------------------------
                                    233 	.area	OSEG    (OVR,DATA)
                                    234 ;--------------------------------------------------------
                                    235 ; indirectly addressable internal ram data
                                    236 ;--------------------------------------------------------
                                    237 	.area ISEG    (DATA)
                                    238 ;--------------------------------------------------------
                                    239 ; absolute internal ram data
                                    240 ;--------------------------------------------------------
                                    241 	.area IABS    (ABS,DATA)
                                    242 	.area IABS    (ABS,DATA)
                                    243 ;--------------------------------------------------------
                                    244 ; bit data
                                    245 ;--------------------------------------------------------
                                    246 	.area BSEG    (BIT)
                                    247 ;--------------------------------------------------------
                                    248 ; paged external ram data
                                    249 ;--------------------------------------------------------
                                    250 	.area PSEG    (PAG,XDATA)
                                    251 ;--------------------------------------------------------
                                    252 ; uninitialized external ram data
                                    253 ;--------------------------------------------------------
                                    254 	.area XSEG    (XDATA)
                                    255 ;--------------------------------------------------------
                                    256 ; absolute external ram data
                                    257 ;--------------------------------------------------------
                                    258 	.area XABS    (ABS,XDATA)
                                    259 ;--------------------------------------------------------
                                    260 ; initialized external ram data
                                    261 ;--------------------------------------------------------
                                    262 	.area XISEG   (XDATA)
                                    263 	.area HOME    (CODE)
                                    264 	.area GSINIT0 (CODE)
                                    265 	.area GSINIT1 (CODE)
                                    266 	.area GSINIT2 (CODE)
                                    267 	.area GSINIT3 (CODE)
                                    268 	.area GSINIT4 (CODE)
                                    269 	.area GSINIT5 (CODE)
                                    270 	.area GSINIT  (CODE)
                                    271 	.area GSFINAL (CODE)
                                    272 	.area CSEG    (CODE)
                                    273 ;--------------------------------------------------------
                                    274 ; global & static initialisations
                                    275 ;--------------------------------------------------------
                                    276 	.area HOME    (CODE)
                                    277 	.area GSINIT  (CODE)
                                    278 	.area GSFINAL (CODE)
                                    279 	.area GSINIT  (CODE)
                                    280 ;	global.c:4: int SCREEN_FLAG = 0x00;
      000000 E4               [12]  281 	clr	a
      000001 F5*00            [12]  282 	mov	_SCREEN_FLAG,a
      000003 F5*01            [12]  283 	mov	(_SCREEN_FLAG + 1),a
                                    284 ;	global.c:5: int BLINK_MODE = 0;
      000005 F5*02            [12]  285 	mov	_BLINK_MODE,a
      000007 F5*03            [12]  286 	mov	(_BLINK_MODE + 1),a
                                    287 ;--------------------------------------------------------
                                    288 ; Home
                                    289 ;--------------------------------------------------------
                                    290 	.area HOME    (CODE)
                                    291 	.area HOME    (CODE)
                                    292 ;--------------------------------------------------------
                                    293 ; code
                                    294 ;--------------------------------------------------------
                                    295 	.area CSEG    (CODE)
                                    296 ;------------------------------------------------------------
                                    297 ;Allocation info for local variables in function 'reset_timer'
                                    298 ;------------------------------------------------------------
                                    299 ;	global.c:7: void reset_timer(void){
                                    300 ;	-----------------------------------------
                                    301 ;	 function reset_timer
                                    302 ;	-----------------------------------------
      000000                        303 _reset_timer:
                           000007   304 	ar7 = 0x07
                           000006   305 	ar6 = 0x06
                           000005   306 	ar5 = 0x05
                           000004   307 	ar4 = 0x04
                           000003   308 	ar3 = 0x03
                           000002   309 	ar2 = 0x02
                           000001   310 	ar1 = 0x01
                           000000   311 	ar0 = 0x00
                                    312 ;	global.c:8: TR0 = 0;
                                    313 ;	assignBit
      000000 C2 8C            [12]  314 	clr	_TR0
                                    315 ;	global.c:9: TH0 = 0x00;
      000002 75 8C 00         [24]  316 	mov	_TH0,#0x00
                                    317 ;	global.c:10: TL0 = 0x00;
      000005 75 8A 00         [24]  318 	mov	_TL0,#0x00
                                    319 ;	global.c:11: TF0 = 0;
                                    320 ;	assignBit
      000008 C2 8D            [12]  321 	clr	_TF0
                                    322 ;	global.c:12: TR0 = 1;
                                    323 ;	assignBit
      00000A D2 8C            [12]  324 	setb	_TR0
                                    325 ;	global.c:13: }
      00000C 22               [24]  326 	ret
                                    327 ;------------------------------------------------------------
                                    328 ;Allocation info for local variables in function 'delay'
                                    329 ;------------------------------------------------------------
                                    330 ;i                         Allocated to registers 
                                    331 ;j                         Allocated to registers r6 r7 
                                    332 ;k                         Allocated to registers r4 r5 
                                    333 ;------------------------------------------------------------
                                    334 ;	global.c:15: void delay(int i){
                                    335 ;	-----------------------------------------
                                    336 ;	 function delay
                                    337 ;	-----------------------------------------
      00000D                        338 _delay:
      00000D AE 82            [24]  339 	mov	r6, dpl
      00000F AF 83            [24]  340 	mov	r7, dph
                                    341 ;	global.c:17: for (j = i; j > 0; j--)
      000011                        342 00106$:
      000011 C3               [12]  343 	clr	c
      000012 E4               [12]  344 	clr	a
      000013 9E               [12]  345 	subb	a,r6
      000014 74 80            [12]  346 	mov	a,#(0x00 ^ 0x80)
      000016 8F F0            [24]  347 	mov	b,r7
      000018 63 F0 80         [24]  348 	xrl	b,#0x80
      00001B 95 F0            [12]  349 	subb	a,b
      00001D 50 1E            [24]  350 	jnc	00108$
                                    351 ;	global.c:18: for (k = 125; k > 0; k--);
      00001F 7C 7D            [12]  352 	mov	r4,#0x7d
      000021 7D 00            [12]  353 	mov	r5,#0x00
      000023                        354 00104$:
      000023 1C               [12]  355 	dec	r4
      000024 BC FF 01         [24]  356 	cjne	r4,#0xff,00137$
      000027 1D               [12]  357 	dec	r5
      000028                        358 00137$:
      000028 C3               [12]  359 	clr	c
      000029 E4               [12]  360 	clr	a
      00002A 9C               [12]  361 	subb	a,r4
      00002B 74 80            [12]  362 	mov	a,#(0x00 ^ 0x80)
      00002D 8D F0            [24]  363 	mov	b,r5
      00002F 63 F0 80         [24]  364 	xrl	b,#0x80
      000032 95 F0            [12]  365 	subb	a,b
      000034 40 ED            [24]  366 	jc	00104$
                                    367 ;	global.c:17: for (j = i; j > 0; j--)
      000036 1E               [12]  368 	dec	r6
      000037 BE FF 01         [24]  369 	cjne	r6,#0xff,00139$
      00003A 1F               [12]  370 	dec	r7
      00003B                        371 00139$:
      00003B 80 D4            [24]  372 	sjmp	00106$
      00003D                        373 00108$:
                                    374 ;	global.c:19: }
      00003D 22               [24]  375 	ret
                                    376 	.area CSEG    (CODE)
                                    377 	.area CONST   (CODE)
                                    378 	.area XINIT   (CODE)
                                    379 	.area CABS    (ABS,CODE)
